<?xml version="1.0" encoding="UTF-8"?>
<!-- Generated by org.testng.reporters.JUnitXMLReporter -->
<testsuite ignored="0" hostname="MD-5Q0H9F2" failures="0" tests="3" name="United Nation Website Test Cases" time="25.638" errors="0" timestamp="2021-08-12T00:08:57 IST">
  <testcase classname="Tests.GetInvolvePageTest" name="test1" time="8.741"/>
  <testcase classname="Tests.GetInvolvePageTest" name="test2" time="0.016"/>
  <testcase classname="Tests.GetInvolvePageTest" name="test3" time="0.325"/>
</testsuite> <!-- United Nation Website Test Cases -->
