<?xml version="1.0" encoding="UTF-8"?>
<!-- Generated by org.testng.reporters.JUnitXMLReporter -->
<testsuite ignored="2" hostname="MD-5Q0H9F2" failures="0" tests="1" name="Default test" time="29.441" errors="0" timestamp="2021-08-11T23:19:04 IST">
  <testcase classname="Tests.GetInvolvePageTest" name="test3" time="0.659"/>
  <testcase classname="Tests.GetInvolvePageTest" name="test1" time="0.0">
    <ignored/>
  </testcase> <!-- test1 -->
  <testcase classname="Tests.GetInvolvePageTest" name="test2" time="0.0">
    <ignored/>
  </testcase> <!-- test2 -->
</testsuite> <!-- Default test -->
