<?xml version="1.0" encoding="UTF-8"?>
<testng-results ignored="0" total="3" passed="3" failed="0" skipped="0">
  <reporter-output>
  </reporter-output>
  <suite started-at="2021-08-12T00:08:32 IST" name="United Nation Website Test Automation Test Suite" finished-at="2021-08-12T00:08:57 IST" duration-ms="25638">
    <groups>
    </groups>
    <test started-at="2021-08-12T00:08:32 IST" name="United Nation Website Test Cases" finished-at="2021-08-12T00:08:57 IST" duration-ms="25638">
      <class name="Tests.GetInvolvePageTest">
        <test-method is-config="true" signature="setUp()[pri:0, instance:Tests.GetInvolvePageTest@353d0772]" started-at="2021-08-12T00:08:32 IST" name="setUp" finished-at="2021-08-12T00:08:48 IST" duration-ms="16295" status="PASS">
          <reporter-output>
          </reporter-output>
        </test-method> <!-- setUp -->
        <test-method signature="test1()[pri:0, instance:Tests.GetInvolvePageTest@353d0772]" started-at="2021-08-12T00:08:48 IST" name="test1" finished-at="2021-08-12T00:08:57 IST" duration-ms="8741" status="PASS">
          <reporter-output>
          </reporter-output>
        </test-method> <!-- test1 -->
        <test-method signature="test2()[pri:0, instance:Tests.GetInvolvePageTest@353d0772]" started-at="2021-08-12T00:08:57 IST" name="test2" finished-at="2021-08-12T00:08:57 IST" duration-ms="16" status="PASS">
          <reporter-output>
          </reporter-output>
        </test-method> <!-- test2 -->
        <test-method signature="test3()[pri:0, instance:Tests.GetInvolvePageTest@353d0772]" started-at="2021-08-12T00:08:57 IST" name="test3" finished-at="2021-08-12T00:08:57 IST" duration-ms="325" status="PASS">
          <reporter-output>
          </reporter-output>
        </test-method> <!-- test3 -->
        <test-method is-config="true" signature="tearDown()[pri:0, instance:Tests.GetInvolvePageTest@353d0772]" started-at="2021-08-12T00:08:57 IST" name="tearDown" finished-at="2021-08-12T00:08:57 IST" duration-ms="222" status="PASS">
          <reporter-output>
          </reporter-output>
        </test-method> <!-- tearDown -->
      </class> <!-- Tests.GetInvolvePageTest -->
    </test> <!-- United Nation Website Test Cases -->
  </suite> <!-- United Nation Website Test Automation Test Suite -->
</testng-results>
