<?xml version="1.0" encoding="UTF-8"?>
<testng-results ignored="0" total="2" passed="2" failed="0" skipped="0">
  <reporter-output>
  </reporter-output>
  <suite started-at="2021-08-11T14:13:36 IST" name="Default suite" finished-at="2021-08-11T14:14:30 IST" duration-ms="53736">
    <groups>
    </groups>
    <test started-at="2021-08-11T14:13:36 IST" name="Default test" finished-at="2021-08-11T14:14:30 IST" duration-ms="53736">
      <class name="Tests.GetInvolvePageTest">
        <test-method is-config="true" signature="setUp()[pri:0, instance:Tests.GetInvolvePageTest@63021689]" started-at="2021-08-11T14:13:36 IST" name="setUp" finished-at="2021-08-11T14:14:01 IST" duration-ms="24604" status="PASS">
          <reporter-output>
          </reporter-output>
        </test-method> <!-- setUp -->
        <test-method signature="test1()[pri:0, instance:Tests.GetInvolvePageTest@63021689]" started-at="2021-08-11T14:14:01 IST" name="test1" finished-at="2021-08-11T14:14:29 IST" duration-ms="28574" status="PASS">
          <reporter-output>
          </reporter-output>
        </test-method> <!-- test1 -->
        <test-method signature="test2()[pri:0, instance:Tests.GetInvolvePageTest@63021689]" started-at="2021-08-11T14:14:29 IST" name="test2" finished-at="2021-08-11T14:14:29 IST" duration-ms="27" status="PASS">
          <reporter-output>
          </reporter-output>
        </test-method> <!-- test2 -->
        <test-method is-config="true" signature="tearDown()[pri:0, instance:Tests.GetInvolvePageTest@63021689]" started-at="2021-08-11T14:14:29 IST" name="tearDown" finished-at="2021-08-11T14:14:30 IST" duration-ms="488" status="PASS">
          <reporter-output>
          </reporter-output>
        </test-method> <!-- tearDown -->
      </class> <!-- Tests.GetInvolvePageTest -->
    </test> <!-- Default test -->
  </suite> <!-- Default suite -->
</testng-results>
